{"total": {"lines":{"total":133,"covered":100,"skipped":0,"pct":75.18},"statements":{"total":133,"covered":100,"skipped":0,"pct":75.18},"functions":{"total":37,"covered":24,"skipped":0,"pct":64.86},"branches":{"total":88,"covered":50,"skipped":0,"pct":56.81},"branchesTrue":{"total":0,"covered":0,"skipped":0,"pct":100}}
,"/Users/ingridforre/Desktop/arkitema/arkitema-ui/packages/brand/src/assets/index.ts": {"lines":{"total":2,"covered":2,"skipped":0,"pct":100},"functions":{"total":0,"covered":0,"skipped":0,"pct":100},"statements":{"total":2,"covered":2,"skipped":0,"pct":100},"branches":{"total":0,"covered":0,"skipped":0,"pct":100}}
,"/Users/ingridforre/Desktop/arkitema/arkitema-ui/packages/brand/src/logo/logo.tsx": {"lines":{"total":6,"covered":6,"skipped":0,"pct":100},"functions":{"total":1,"covered":1,"skipped":0,"pct":100},"statements":{"total":6,"covered":6,"skipped":0,"pct":100},"branches":{"total":6,"covered":3,"skipped":0,"pct":50}}
,"/Users/ingridforre/Desktop/arkitema/arkitema-ui/packages/brand/src/theme/theme.tsx": {"lines":{"total":1,"covered":1,"skipped":0,"pct":100},"functions":{"total":0,"covered":0,"skipped":0,"pct":100},"statements":{"total":1,"covered":1,"skipped":0,"pct":100},"branches":{"total":0,"covered":0,"skipped":0,"pct":100}}
,"/Users/ingridforre/Desktop/arkitema/arkitema-ui/packages/datafetching/src/dataFetchWrapper/dataFetchWrapper.tsx": {"lines":{"total":7,"covered":7,"skipped":0,"pct":100},"functions":{"total":1,"covered":1,"skipped":0,"pct":100},"statements":{"total":7,"covered":7,"skipped":0,"pct":100},"branches":{"total":4,"covered":4,"skipped":0,"pct":100}}
,"/Users/ingridforre/Desktop/arkitema/arkitema-ui/packages/datafetching/src/loading/loading.tsx": {"lines":{"total":4,"covered":4,"skipped":0,"pct":100},"functions":{"total":1,"covered":1,"skipped":0,"pct":100},"statements":{"total":4,"covered":4,"skipped":0,"pct":100},"branches":{"total":3,"covered":3,"skipped":0,"pct":100}}
,"/Users/ingridforre/Desktop/arkitema/arkitema-ui/packages/errorhandling/src/errorBoundary/errorBoundary.tsx": {"lines":{"total":7,"covered":7,"skipped":0,"pct":100},"functions":{"total":3,"covered":3,"skipped":0,"pct":100},"statements":{"total":7,"covered":7,"skipped":0,"pct":100},"branches":{"total":4,"covered":3,"skipped":0,"pct":75}}
,"/Users/ingridforre/Desktop/arkitema/arkitema-ui/packages/errorhandling/src/errorMessage/errorMessage.tsx": {"lines":{"total":4,"covered":4,"skipped":0,"pct":100},"functions":{"total":1,"covered":1,"skipped":0,"pct":100},"statements":{"total":4,"covered":4,"skipped":0,"pct":100},"branches":{"total":3,"covered":3,"skipped":0,"pct":100}}
,"/Users/ingridforre/Desktop/arkitema/arkitema-ui/packages/inputs/src/arkitemaButton/arkitemaButton.tsx": {"lines":{"total":4,"covered":4,"skipped":0,"pct":100},"functions":{"total":1,"covered":1,"skipped":0,"pct":100},"statements":{"total":4,"covered":4,"skipped":0,"pct":100},"branches":{"total":3,"covered":2,"skipped":0,"pct":66.66}}
,"/Users/ingridforre/Desktop/arkitema/arkitema-ui/packages/inputs/src/fileInput/fileInput.tsx": {"lines":{"total":18,"covered":6,"skipped":0,"pct":33.33},"functions":{"total":5,"covered":1,"skipped":0,"pct":20},"statements":{"total":18,"covered":6,"skipped":0,"pct":33.33},"branches":{"total":6,"covered":1,"skipped":0,"pct":16.66}}
,"/Users/ingridforre/Desktop/arkitema/arkitema-ui/packages/inputs/src/informationInput/informationInput.tsx": {"lines":{"total":6,"covered":4,"skipped":0,"pct":66.66},"functions":{"total":4,"covered":2,"skipped":0,"pct":50},"statements":{"total":6,"covered":4,"skipped":0,"pct":66.66},"branches":{"total":6,"covered":3,"skipped":0,"pct":50}}
,"/Users/ingridforre/Desktop/arkitema/arkitema-ui/packages/layout/src/appContainer/appContainer.tsx": {"lines":{"total":2,"covered":2,"skipped":0,"pct":100},"functions":{"total":1,"covered":1,"skipped":0,"pct":100},"statements":{"total":2,"covered":2,"skipped":0,"pct":100},"branches":{"total":0,"covered":0,"skipped":0,"pct":100}}
,"/Users/ingridforre/Desktop/arkitema/arkitema-ui/packages/layout/src/arkitemaCard/arkitemaCard.tsx": {"lines":{"total":21,"covered":15,"skipped":0,"pct":71.42},"functions":{"total":2,"covered":2,"skipped":0,"pct":100},"statements":{"total":21,"covered":15,"skipped":0,"pct":71.42},"branches":{"total":32,"covered":16,"skipped":0,"pct":50}}
,"/Users/ingridforre/Desktop/arkitema/arkitema-ui/packages/layout/src/arkitemaTable/arkitemaTable.tsx": {"lines":{"total":5,"covered":5,"skipped":0,"pct":100},"functions":{"total":2,"covered":2,"skipped":0,"pct":100},"statements":{"total":5,"covered":5,"skipped":0,"pct":100},"branches":{"total":0,"covered":0,"skipped":0,"pct":100}}
,"/Users/ingridforre/Desktop/arkitema/arkitema-ui/packages/layout/src/cardGrid/cardGrid.tsx": {"lines":{"total":3,"covered":3,"skipped":0,"pct":100},"functions":{"total":1,"covered":1,"skipped":0,"pct":100},"statements":{"total":3,"covered":3,"skipped":0,"pct":100},"branches":{"total":1,"covered":1,"skipped":0,"pct":100}}
,"/Users/ingridforre/Desktop/arkitema/arkitema-ui/packages/layout/src/paperPage/PaperPage.tsx": {"lines":{"total":3,"covered":3,"skipped":0,"pct":100},"functions":{"total":1,"covered":1,"skipped":0,"pct":100},"statements":{"total":3,"covered":3,"skipped":0,"pct":100},"branches":{"total":4,"covered":4,"skipped":0,"pct":100}}
,"/Users/ingridforre/Desktop/arkitema/arkitema-ui/packages/navigation/__mocks__/appBar.mock.ts": {"lines":{"total":1,"covered":1,"skipped":0,"pct":100},"functions":{"total":0,"covered":0,"skipped":0,"pct":100},"statements":{"total":1,"covered":1,"skipped":0,"pct":100},"branches":{"total":0,"covered":0,"skipped":0,"pct":100}}
,"/Users/ingridforre/Desktop/arkitema/arkitema-ui/packages/navigation/src/arkitemaAppBar/arkitemaAppBar.tsx": {"lines":{"total":10,"covered":9,"skipped":0,"pct":90},"functions":{"total":3,"covered":2,"skipped":0,"pct":66.66},"statements":{"total":10,"covered":9,"skipped":0,"pct":90},"branches":{"total":6,"covered":5,"skipped":0,"pct":83.33}}
,"/Users/ingridforre/Desktop/arkitema/arkitema-ui/packages/navigation/src/breadcrumb/breadcrumb.tsx": {"lines":{"total":6,"covered":4,"skipped":0,"pct":66.66},"functions":{"total":2,"covered":1,"skipped":0,"pct":50},"statements":{"total":6,"covered":4,"skipped":0,"pct":66.66},"branches":{"total":4,"covered":2,"skipped":0,"pct":50}}
,"/Users/ingridforre/Desktop/arkitema/arkitema-ui/packages/pages/src/404Page/404Page.tsx": {"lines":{"total":5,"covered":3,"skipped":0,"pct":60},"functions":{"total":3,"covered":1,"skipped":0,"pct":33.33},"statements":{"total":5,"covered":3,"skipped":0,"pct":60},"branches":{"total":0,"covered":0,"skipped":0,"pct":100}}
,"/Users/ingridforre/Desktop/arkitema/arkitema-ui/packages/pages/src/loginPage/loginPage.tsx": {"lines":{"total":16,"covered":8,"skipped":0,"pct":50},"functions":{"total":4,"covered":1,"skipped":0,"pct":25},"statements":{"total":16,"covered":8,"skipped":0,"pct":50},"branches":{"total":6,"covered":0,"skipped":0,"pct":0}}
,"/Users/ingridforre/Desktop/arkitema/arkitema-ui/packages/pages/src/mobileWarningPage/mobileWarningPage.tsx": {"lines":{"total":2,"covered":2,"skipped":0,"pct":100},"functions":{"total":1,"covered":1,"skipped":0,"pct":100},"statements":{"total":2,"covered":2,"skipped":0,"pct":100},"branches":{"total":0,"covered":0,"skipped":0,"pct":100}}
}
