{"/Users/ingridforre/Desktop/arkitema/arkitema-ui/packages/brand/src/assets/index.ts": {"path":"/Users/ingridforre/Desktop/arkitema/arkitema-ui/packages/brand/src/assets/index.ts","statementMap":{"0":{"start":{"line":4,"column":23},"end":{"line":4,"column":null}},"1":{"start":{"line":5,"column":28},"end":{"line":5,"column":null}}},"fnMap":{},"branchMap":{},"s":{"0":1,"1":1},"f":{},"b":{}}
,"/Users/ingridforre/Desktop/arkitema/arkitema-ui/packages/brand/src/logo/logo.tsx": {"path":"/Users/ingridforre/Desktop/arkitema/arkitema-ui/packages/brand/src/logo/logo.tsx","statementMap":{"0":{"start":{"line":15,"column":43},"end":{"line":15,"column":null}},"1":{"start":{"line":16,"column":16},"end":{"line":16,"column":null}},"2":{"start":{"line":17,"column":17},"end":{"line":17,"column":null}},"3":{"start":{"line":19,"column":19},"end":{"line":19,"column":null}},"4":{"start":{"line":20,"column":17},"end":{"line":20,"column":null}},"5":{"start":{"line":22,"column":2},"end":{"line":59,"column":null}}},"fnMap":{"0":{"name":"Logo","decl":{"start":{"line":14,"column":16},"end":{"line":14,"column":21}},"loc":{"start":{"line":14,"column":39},"end":{"line":61,"column":null}}}},"branchMap":{"0":{"loc":{"start":{"line":16,"column":16},"end":{"line":16,"column":null}},"type":"cond-expr","locations":[{"start":{"line":16,"column":34},"end":{"line":16,"column":62}},{"start":{"line":16,"column":62},"end":{"line":16,"column":null}}]},"1":{"loc":{"start":{"line":17,"column":17},"end":{"line":17,"column":null}},"type":"cond-expr","locations":[{"start":{"line":17,"column":46},"end":{"line":17,"column":74}},{"start":{"line":17,"column":74},"end":{"line":17,"column":null}}]},"2":{"loc":{"start":{"line":17,"column":17},"end":{"line":17,"column":46}},"type":"binary-expr","locations":[{"start":{"line":17,"column":17},"end":{"line":17,"column":28}},{"start":{"line":17,"column":28},"end":{"line":17,"column":46}}]}},"s":{"0":1,"1":1,"2":1,"3":1,"4":1,"5":1},"f":{"0":1},"b":{"0":[0,1],"1":[0,1],"2":[1,0]}}
,"/Users/ingridforre/Desktop/arkitema/arkitema-ui/packages/brand/src/theme/theme.tsx": {"path":"/Users/ingridforre/Desktop/arkitema/arkitema-ui/packages/brand/src/theme/theme.tsx","statementMap":{"0":{"start":{"line":33,"column":21},"end":{"line":115,"column":null}}},"fnMap":{},"branchMap":{},"s":{"0":1},"f":{},"b":{}}
,"/Users/ingridforre/Desktop/arkitema/arkitema-ui/packages/datafetching/src/dataFetchWrapper/dataFetchWrapper.tsx": {"path":"/Users/ingridforre/Desktop/arkitema/arkitema-ui/packages/datafetching/src/dataFetchWrapper/dataFetchWrapper.tsx","statementMap":{"0":{"start":{"line":12,"column":32},"end":{"line":28,"column":null}},"1":{"start":{"line":13,"column":39},"end":{"line":13,"column":null}},"2":{"start":{"line":15,"column":2},"end":{"line":17,"column":null}},"3":{"start":{"line":16,"column":4},"end":{"line":16,"column":null}},"4":{"start":{"line":19,"column":2},"end":{"line":21,"column":null}},"5":{"start":{"line":20,"column":4},"end":{"line":20,"column":null}},"6":{"start":{"line":23,"column":2},"end":{"line":26,"column":null}}},"fnMap":{"0":{"name":"(anonymous_0)","decl":{"start":{"line":12,"column":32},"end":{"line":12,"column":66}},"loc":{"start":{"line":12,"column":103},"end":{"line":28,"column":null}}}},"branchMap":{"0":{"loc":{"start":{"line":15,"column":2},"end":{"line":17,"column":null}},"type":"if","locations":[{"start":{"line":15,"column":2},"end":{"line":17,"column":null}},{"start":{"line":15,"column":2},"end":{"line":17,"column":null}}]},"1":{"loc":{"start":{"line":19,"column":2},"end":{"line":21,"column":null}},"type":"if","locations":[{"start":{"line":19,"column":2},"end":{"line":21,"column":null}},{"start":{"line":19,"column":2},"end":{"line":21,"column":null}}]}},"s":{"0":1,"1":3,"2":3,"3":1,"4":2,"5":1,"6":1},"f":{"0":3},"b":{"0":[1,2],"1":[1,1]}}
,"/Users/ingridforre/Desktop/arkitema/arkitema-ui/packages/datafetching/src/loading/loading.tsx": {"path":"/Users/ingridforre/Desktop/arkitema/arkitema-ui/packages/datafetching/src/loading/loading.tsx","statementMap":{"0":{"start":{"line":8,"column":47},"end":{"line":18,"column":null}},"1":{"start":{"line":9,"column":2},"end":{"line":11,"column":null}},"2":{"start":{"line":10,"column":4},"end":{"line":10,"column":null}},"3":{"start":{"line":13,"column":2},"end":{"line":16,"column":null}}},"fnMap":{"0":{"name":"(anonymous_0)","decl":{"start":{"line":8,"column":47},"end":{"line":8,"column":48}},"loc":{"start":{"line":8,"column":71},"end":{"line":18,"column":null}}}},"branchMap":{"0":{"loc":{"start":{"line":8,"column":50},"end":{"line":8,"column":65}},"type":"default-arg","locations":[{"start":{"line":8,"column":60},"end":{"line":8,"column":65}}]},"1":{"loc":{"start":{"line":9,"column":2},"end":{"line":11,"column":null}},"type":"if","locations":[{"start":{"line":9,"column":2},"end":{"line":11,"column":null}},{"start":{"line":9,"column":2},"end":{"line":11,"column":null}}]}},"s":{"0":2,"1":3,"2":1,"3":2},"f":{"0":3},"b":{"0":[2],"1":[1,2]}}
,"/Users/ingridforre/Desktop/arkitema/arkitema-ui/packages/errorhandling/src/errorBoundary/errorBoundary.tsx": {"path":"/Users/ingridforre/Desktop/arkitema/arkitema-ui/packages/errorhandling/src/errorBoundary/errorBoundary.tsx","statementMap":{"0":{"start":{"line":15,"column":26},"end":{"line":18,"column":null}},"1":{"start":{"line":22,"column":4},"end":{"line":22,"column":null}},"2":{"start":{"line":23,"column":4},"end":{"line":23,"column":null}},"3":{"start":{"line":27,"column":4},"end":{"line":27,"column":null}},"4":{"start":{"line":31,"column":4},"end":{"line":55,"column":null}},"5":{"start":{"line":32,"column":6},"end":{"line":53,"column":null}},"6":{"start":{"line":57,"column":4},"end":{"line":57,"column":null}}},"fnMap":{"0":{"name":"(anonymous_0)","decl":{"start":{"line":20,"column":2},"end":{"line":20,"column":9}},"loc":{"start":{"line":20,"column":55},"end":{"line":24,"column":null}}},"1":{"name":"(anonymous_1)","decl":{"start":{"line":26,"column":11},"end":{"line":26,"column":29}},"loc":{"start":{"line":26,"column":71},"end":{"line":28,"column":null}}},"2":{"name":"(anonymous_2)","decl":{"start":{"line":30,"column":11},"end":{"line":30,"column":20}},"loc":{"start":{"line":30,"column":20},"end":{"line":58,"column":null}}}},"branchMap":{"0":{"loc":{"start":{"line":31,"column":4},"end":{"line":55,"column":null}},"type":"if","locations":[{"start":{"line":31,"column":4},"end":{"line":55,"column":null}},{"start":{"line":31,"column":4},"end":{"line":55,"column":null}}]},"1":{"loc":{"start":{"line":42,"column":11},"end":{"line":51,"column":null}},"type":"cond-expr","locations":[{"start":{"line":43,"column":12},"end":{"line":49,"column":null}},{"start":{"line":51,"column":12},"end":{"line":51,"column":null}}]}},"s":{"0":2,"1":2,"2":2,"3":1,"4":4,"5":2,"6":2},"f":{"0":2,"1":1,"2":4},"b":{"0":[2,2],"1":[2,0]}}
,"/Users/ingridforre/Desktop/arkitema/arkitema-ui/packages/errorhandling/src/errorMessage/errorMessage.tsx": {"path":"/Users/ingridforre/Desktop/arkitema/arkitema-ui/packages/errorhandling/src/errorMessage/errorMessage.tsx","statementMap":{"0":{"start":{"line":9,"column":50},"end":{"line":22,"column":null}},"1":{"start":{"line":10,"column":2},"end":{"line":12,"column":null}},"2":{"start":{"line":11,"column":4},"end":{"line":11,"column":null}},"3":{"start":{"line":14,"column":2},"end":{"line":20,"column":null}}},"fnMap":{"0":{"name":"(anonymous_0)","decl":{"start":{"line":9,"column":50},"end":{"line":9,"column":51}},"loc":{"start":{"line":9,"column":72},"end":{"line":22,"column":null}}}},"branchMap":{"0":{"loc":{"start":{"line":9,"column":53},"end":{"line":9,"column":66}},"type":"default-arg","locations":[{"start":{"line":9,"column":61},"end":{"line":9,"column":66}}]},"1":{"loc":{"start":{"line":10,"column":2},"end":{"line":12,"column":null}},"type":"if","locations":[{"start":{"line":10,"column":2},"end":{"line":12,"column":null}},{"start":{"line":10,"column":2},"end":{"line":12,"column":null}}]}},"s":{"0":2,"1":5,"2":2,"3":3},"f":{"0":5},"b":{"0":[2],"1":[2,3]}}
,"/Users/ingridforre/Desktop/arkitema/arkitema-ui/packages/inputs/src/arkitemaButton/arkitemaButton.tsx": {"path":"/Users/ingridforre/Desktop/arkitema/arkitema-ui/packages/inputs/src/arkitemaButton/arkitemaButton.tsx","statementMap":{"0":{"start":{"line":15,"column":61},"end":{"line":39,"column":null}},"1":{"start":{"line":16,"column":74},"end":{"line":16,"column":null}},"2":{"start":{"line":18,"column":23},"end":{"line":32,"column":null}},"3":{"start":{"line":34,"column":2},"end":{"line":37,"column":null}}},"fnMap":{"0":{"name":"(anonymous_0)","decl":{"start":{"line":15,"column":61},"end":{"line":15,"column":62}},"loc":{"start":{"line":15,"column":72},"end":{"line":39,"column":null}}}},"branchMap":{"0":{"loc":{"start":{"line":16,"column":39},"end":{"line":16,"column":70}},"type":"default-arg","locations":[{"start":{"line":16,"column":52},"end":{"line":16,"column":70}}]},"1":{"loc":{"start":{"line":26,"column":12},"end":{"line":26,"column":null}},"type":"cond-expr","locations":[{"start":{"line":26,"column":23},"end":{"line":26,"column":45}},{"start":{"line":26,"column":45},"end":{"line":26,"column":null}}]}},"s":{"0":1,"1":1,"2":1,"3":1},"f":{"0":1},"b":{"0":[1],"1":[0,1]}}
,"/Users/ingridforre/Desktop/arkitema/arkitema-ui/packages/inputs/src/fileInput/fileInput.tsx": {"path":"/Users/ingridforre/Desktop/arkitema/arkitema-ui/packages/inputs/src/fileInput/fileInput.tsx","statementMap":{"0":{"start":{"line":13,"column":25},"end":{"line":59,"column":null}},"1":{"start":{"line":14,"column":64},"end":{"line":14,"column":null}},"2":{"start":{"line":16,"column":23},"end":{"line":27,"column":null}},"3":{"start":{"line":17,"column":4},"end":{"line":26,"column":null}},"4":{"start":{"line":18,"column":21},"end":{"line":18,"column":null}},"5":{"start":{"line":19,"column":6},"end":{"line":23,"column":null}},"6":{"start":{"line":20,"column":8},"end":{"line":22,"column":null}},"7":{"start":{"line":21,"column":10},"end":{"line":21,"column":null}},"8":{"start":{"line":24,"column":6},"end":{"line":24,"column":null}},"9":{"start":{"line":25,"column":6},"end":{"line":25,"column":null}},"10":{"start":{"line":29,"column":18},"end":{"line":32,"column":null}},"11":{"start":{"line":34,"column":32},"end":{"line":40,"column":null}},"12":{"start":{"line":35,"column":17},"end":{"line":35,"column":null}},"13":{"start":{"line":36,"column":27},"end":{"line":36,"column":null}},"14":{"start":{"line":37,"column":19},"end":{"line":37,"column":null}},"15":{"start":{"line":38,"column":4},"end":{"line":38,"column":null}},"16":{"start":{"line":39,"column":4},"end":{"line":39,"column":null}},"17":{"start":{"line":42,"column":2},"end":{"line":57,"column":null}}},"fnMap":{"0":{"name":"(anonymous_0)","decl":{"start":{"line":13,"column":25},"end":{"line":13,"column":26}},"loc":{"start":{"line":13,"column":52},"end":{"line":59,"column":null}}},"1":{"name":"(anonymous_1)","decl":{"start":{"line":16,"column":23},"end":{"line":16,"column":24}},"loc":{"start":{"line":16,"column":39},"end":{"line":27,"column":null}}},"2":{"name":"(anonymous_2)","decl":{"start":{"line":17,"column":23},"end":{"line":17,"column":24}},"loc":{"start":{"line":17,"column":44},"end":{"line":26,"column":5}}},"3":{"name":"(anonymous_3)","decl":{"start":{"line":19,"column":25},"end":{"line":19,"column":31}},"loc":{"start":{"line":19,"column":31},"end":{"line":23,"column":null}}},"4":{"name":"(anonymous_4)","decl":{"start":{"line":34,"column":32},"end":{"line":34,"column":39}},"loc":{"start":{"line":34,"column":54},"end":{"line":40,"column":null}}}},"branchMap":{"0":{"loc":{"start":{"line":20,"column":8},"end":{"line":22,"column":null}},"type":"if","locations":[{"start":{"line":20,"column":8},"end":{"line":22,"column":null}},{"start":{"line":20,"column":8},"end":{"line":22,"column":null}}]},"1":{"loc":{"start":{"line":39,"column":4},"end":{"line":39,"column":null}},"type":"binary-expr","locations":[{"start":{"line":39,"column":4},"end":{"line":39,"column":26}},{"start":{"line":39,"column":26},"end":{"line":39,"column":null}}]},"2":{"loc":{"start":{"line":56,"column":7},"end":{"line":56,"column":null}},"type":"binary-expr","locations":[{"start":{"line":56,"column":7},"end":{"line":56,"column":20}},{"start":{"line":56,"column":20},"end":{"line":56,"column":null}}]}},"s":{"0":1,"1":1,"2":1,"3":0,"4":0,"5":0,"6":0,"7":0,"8":0,"9":0,"10":1,"11":1,"12":0,"13":0,"14":0,"15":0,"16":0,"17":1},"f":{"0":1,"1":0,"2":0,"3":0,"4":0},"b":{"0":[0,0],"1":[0,0],"2":[1,0]}}
,"/Users/ingridforre/Desktop/arkitema/arkitema-ui/packages/layout/src/appContainer/appContainer.tsx": {"path":"/Users/ingridforre/Desktop/arkitema/arkitema-ui/packages/layout/src/appContainer/appContainer.tsx","statementMap":{"0":{"start":{"line":10,"column":57},"end":{"line":30,"column":null}},"1":{"start":{"line":11,"column":2},"end":{"line":28,"column":null}}},"fnMap":{"0":{"name":"(anonymous_0)","decl":{"start":{"line":10,"column":57},"end":{"line":10,"column":58}},"loc":{"start":{"line":10,"column":75},"end":{"line":30,"column":null}}}},"branchMap":{},"s":{"0":1,"1":1},"f":{"0":1},"b":{}}
,"/Users/ingridforre/Desktop/arkitema/arkitema-ui/packages/layout/src/arkitemaCard/arkitemaCard.tsx": {"path":"/Users/ingridforre/Desktop/arkitema/arkitema-ui/packages/layout/src/arkitemaCard/arkitemaCard.tsx","statementMap":{"0":{"start":{"line":21,"column":49},"end":{"line":133,"column":null}},"1":{"start":{"line":22,"column":48},"end":{"line":22,"column":null}},"2":{"start":{"line":23,"column":23},"end":{"line":23,"column":null}},"3":{"start":{"line":25,"column":30},"end":{"line":25,"column":null}},"4":{"start":{"line":26,"column":28},"end":{"line":26,"column":null}},"5":{"start":{"line":27,"column":22},"end":{"line":27,"column":null}},"6":{"start":{"line":29,"column":2},"end":{"line":39,"column":null}},"7":{"start":{"line":30,"column":4},"end":{"line":38,"column":null}},"8":{"start":{"line":31,"column":6},"end":{"line":31,"column":null}},"9":{"start":{"line":32,"column":6},"end":{"line":32,"column":null}},"10":{"start":{"line":33,"column":6},"end":{"line":33,"column":null}},"11":{"start":{"line":34,"column":4},"end":{"line":38,"column":null}},"12":{"start":{"line":35,"column":6},"end":{"line":35,"column":null}},"13":{"start":{"line":36,"column":6},"end":{"line":36,"column":null}},"14":{"start":{"line":37,"column":6},"end":{"line":37,"column":null}},"15":{"start":{"line":41,"column":31},"end":{"line":49,"column":null}},"16":{"start":{"line":51,"column":2},"end":{"line":131,"column":null}}},"fnMap":{"0":{"name":"(anonymous_0)","decl":{"start":{"line":21,"column":49},"end":{"line":21,"column":50}},"loc":{"start":{"line":21,"column":60},"end":{"line":133,"column":null}}},"1":{"name":"(anonymous_1)","decl":{"start":{"line":29,"column":12},"end":{"line":29,"column":18}},"loc":{"start":{"line":29,"column":18},"end":{"line":39,"column":5}}}},"branchMap":{"0":{"loc":{"start":{"line":22,"column":29},"end":{"line":22,"column":44}},"type":"default-arg","locations":[{"start":{"line":22,"column":36},"end":{"line":22,"column":44}}]},"1":{"loc":{"start":{"line":30,"column":4},"end":{"line":38,"column":null}},"type":"if","locations":[{"start":{"line":30,"column":4},"end":{"line":38,"column":null}},{"start":{"line":34,"column":4},"end":{"line":38,"column":null}}]},"2":{"loc":{"start":{"line":34,"column":4},"end":{"line":38,"column":null}},"type":"if","locations":[{"start":{"line":34,"column":4},"end":{"line":38,"column":null}},{"start":{"line":34,"column":4},"end":{"line":38,"column":null}}]},"3":{"loc":{"start":{"line":67,"column":21},"end":{"line":67,"column":null}},"type":"cond-expr","locations":[{"start":{"line":67,"column":40},"end":{"line":67,"column":47}},{"start":{"line":67,"column":47},"end":{"line":67,"column":null}}]},"4":{"loc":{"start":{"line":70,"column":14},"end":{"line":93,"column":null}},"type":"cond-expr","locations":[{"start":{"line":71,"column":18},"end":{"line":77,"column":null}},{"start":{"line":78,"column":18},"end":{"line":93,"column":null}}]},"5":{"loc":{"start":{"line":78,"column":18},"end":{"line":93,"column":null}},"type":"cond-expr","locations":[{"start":{"line":79,"column":18},"end":{"line":86,"column":null}},{"start":{"line":87,"column":18},"end":{"line":93,"column":null}}]},"6":{"loc":{"start":{"line":99,"column":21},"end":{"line":99,"column":null}},"type":"cond-expr","locations":[{"start":{"line":99,"column":40},"end":{"line":99,"column":47}},{"start":{"line":99,"column":47},"end":{"line":99,"column":null}}]},"7":{"loc":{"start":{"line":110,"column":13},"end":{"line":110,"column":null}},"type":"binary-expr","locations":[{"start":{"line":110,"column":13},"end":{"line":110,"column":33}},{"start":{"line":110,"column":33},"end":{"line":110,"column":null}}]},"8":{"loc":{"start":{"line":112,"column":11},"end":{"line":126,"column":null}},"type":"binary-expr","locations":[{"start":{"line":112,"column":11},"end":{"line":112,"column":null}},{"start":{"line":113,"column":12},"end":{"line":126,"column":null}}]},"9":{"loc":{"start":{"line":125,"column":15},"end":{"line":125,"column":null}},"type":"binary-expr","locations":[{"start":{"line":125,"column":15},"end":{"line":125,"column":36}},{"start":{"line":125,"column":36},"end":{"line":125,"column":null}}]}},"s":{"0":1,"1":2,"2":2,"3":2,"4":2,"5":2,"6":2,"7":2,"8":0,"9":0,"10":0,"11":2,"12":0,"13":0,"14":0,"15":2,"16":2},"f":{"0":2,"1":2},"b":{"0":[2],"1":[0,2],"2":[0,2],"3":[2,0],"4":[2,0],"5":[0,0],"6":[2,0],"7":[2,0],"8":[2,2],"9":[2,2]}}
,"/Users/ingridforre/Desktop/arkitema/arkitema-ui/packages/layout/src/arkitemaTable/arkitemaTable.tsx": {"path":"/Users/ingridforre/Desktop/arkitema/arkitema-ui/packages/layout/src/arkitemaTable/arkitemaTable.tsx","statementMap":{"0":{"start":{"line":9,"column":59},"end":{"line":47,"column":null}},"1":{"start":{"line":10,"column":19},"end":{"line":10,"column":null}},"2":{"start":{"line":11,"column":2},"end":{"line":45,"column":null}},"3":{"start":{"line":28,"column":27},"end":{"line":28,"column":null}},"4":{"start":{"line":29,"column":12},"end":{"line":40,"column":null}}},"fnMap":{"0":{"name":"(anonymous_0)","decl":{"start":{"line":9,"column":59},"end":{"line":9,"column":60}},"loc":{"start":{"line":9,"column":70},"end":{"line":47,"column":null}}},"1":{"name":"(anonymous_1)","decl":{"start":{"line":27,"column":33},"end":{"line":27,"column":34}},"loc":{"start":{"line":27,"column":42},"end":{"line":42,"column":11}}}},"branchMap":{},"s":{"0":1,"1":1,"2":1,"3":3,"4":3},"f":{"0":1,"1":3},"b":{}}
,"/Users/ingridforre/Desktop/arkitema/arkitema-ui/packages/layout/src/cardGrid/cardGrid.tsx": {"path":"/Users/ingridforre/Desktop/arkitema/arkitema-ui/packages/layout/src/cardGrid/cardGrid.tsx","statementMap":{"0":{"start":{"line":10,"column":49},"end":{"line":31,"column":null}},"1":{"start":{"line":11,"column":40},"end":{"line":11,"column":null}},"2":{"start":{"line":13,"column":2},"end":{"line":29,"column":null}}},"fnMap":{"0":{"name":"(anonymous_0)","decl":{"start":{"line":10,"column":49},"end":{"line":10,"column":50}},"loc":{"start":{"line":10,"column":60},"end":{"line":31,"column":null}}}},"branchMap":{"0":{"loc":{"start":{"line":11,"column":24},"end":{"line":11,"column":36}},"type":"default-arg","locations":[{"start":{"line":11,"column":34},"end":{"line":11,"column":36}}]}},"s":{"0":1,"1":1,"2":1},"f":{"0":1},"b":{"0":[1]}}
,"/Users/ingridforre/Desktop/arkitema/arkitema-ui/packages/layout/src/paperPage/PaperPage.tsx": {"path":"/Users/ingridforre/Desktop/arkitema/arkitema-ui/packages/layout/src/paperPage/PaperPage.tsx","statementMap":{"0":{"start":{"line":13,"column":51},"end":{"line":31,"column":null}},"1":{"start":{"line":14,"column":79},"end":{"line":14,"column":null}},"2":{"start":{"line":15,"column":2},"end":{"line":29,"column":null}}},"fnMap":{"0":{"name":"(anonymous_0)","decl":{"start":{"line":13,"column":51},"end":{"line":13,"column":52}},"loc":{"start":{"line":13,"column":62},"end":{"line":31,"column":null}}}},"branchMap":{"0":{"loc":{"start":{"line":14,"column":10},"end":{"line":14,"column":26}},"type":"default-arg","locations":[{"start":{"line":14,"column":23},"end":{"line":14,"column":26}}]},"1":{"loc":{"start":{"line":14,"column":58},"end":{"line":14,"column":75}},"type":"default-arg","locations":[{"start":{"line":14,"column":69},"end":{"line":14,"column":75}}]},"2":{"loc":{"start":{"line":17,"column":50},"end":{"line":17,"column":78}},"type":"binary-expr","locations":[{"start":{"line":17,"column":50},"end":{"line":17,"column":74}},{"start":{"line":17,"column":74},"end":{"line":17,"column":78}}]}},"s":{"0":1,"1":4,"2":4},"f":{"0":4},"b":{"0":[4],"1":[3],"2":[4,3]}}
,"/Users/ingridforre/Desktop/arkitema/arkitema-ui/packages/navigation/__mocks__/appBar.mock.ts": {"path":"/Users/ingridforre/Desktop/arkitema/arkitema-ui/packages/navigation/__mocks__/appBar.mock.ts","statementMap":{"0":{"start":{"line":2,"column":47},"end":{"line":14,"column":null}}},"fnMap":{},"branchMap":{},"s":{"0":1},"f":{},"b":{}}
,"/Users/ingridforre/Desktop/arkitema/arkitema-ui/packages/navigation/src/arkitemaAppBar/arkitemaAppBar.tsx": {"path":"/Users/ingridforre/Desktop/arkitema/arkitema-ui/packages/navigation/src/arkitemaAppBar/arkitemaAppBar.tsx","statementMap":{"0":{"start":{"line":17,"column":61},"end":{"line":71,"column":null}},"1":{"start":{"line":18,"column":49},"end":{"line":18,"column":null}},"2":{"start":{"line":19,"column":19},"end":{"line":19,"column":null}},"3":{"start":{"line":21,"column":21},"end":{"line":21,"column":null}},"4":{"start":{"line":22,"column":14},"end":{"line":22,"column":null}},"5":{"start":{"line":23,"column":23},"end":{"line":23,"column":null}},"6":{"start":{"line":24,"column":19},"end":{"line":24,"column":null}},"7":{"start":{"line":26,"column":2},"end":{"line":69,"column":null}},"8":{"start":{"line":43,"column":18},"end":{"line":62,"column":null}},"9":{"start":{"line":58,"column":24},"end":{"line":58,"column":null}}},"fnMap":{"0":{"name":"(anonymous_0)","decl":{"start":{"line":17,"column":61},"end":{"line":17,"column":62}},"loc":{"start":{"line":17,"column":72},"end":{"line":71,"column":null}}},"1":{"name":"(anonymous_1)","decl":{"start":{"line":42,"column":29},"end":{"line":42,"column":30}},"loc":{"start":{"line":42,"column":39},"end":{"line":64,"column":17}}},"2":{"name":"(anonymous_2)","decl":{"start":{"line":57,"column":31},"end":{"line":57,"column":37}},"loc":{"start":{"line":57,"column":37},"end":{"line":59,"column":null}}}},"branchMap":{"0":{"loc":{"start":{"line":39,"column":11},"end":{"line":65,"column":null}},"type":"binary-expr","locations":[{"start":{"line":39,"column":11},"end":{"line":39,"column":null}},{"start":{"line":40,"column":12},"end":{"line":65,"column":null}}]},"1":{"loc":{"start":{"line":41,"column":15},"end":{"line":64,"column":null}},"type":"binary-expr","locations":[{"start":{"line":41,"column":15},"end":{"line":41,"column":null}},{"start":{"line":42,"column":16},"end":{"line":64,"column":null}}]},"2":{"loc":{"start":{"line":54,"column":33},"end":{"line":54,"column":null}},"type":"cond-expr","locations":[{"start":{"line":54,"column":99},"end":{"line":54,"column":103}},{"start":{"line":54,"column":103},"end":{"line":54,"column":null}}]}},"s":{"0":1,"1":5,"2":5,"3":5,"4":5,"5":5,"6":5,"7":5,"8":20,"9":0},"f":{"0":5,"1":20,"2":0},"b":{"0":[5,5],"1":[5,5],"2":[0,20]}}
,"/Users/ingridforre/Desktop/arkitema/arkitema-ui/packages/navigation/src/breadcrumb/breadcrumb.tsx": {"path":"/Users/ingridforre/Desktop/arkitema/arkitema-ui/packages/navigation/src/breadcrumb/breadcrumb.tsx","statementMap":{"0":{"start":{"line":7,"column":2},"end":{"line":7,"column":null}},"1":{"start":{"line":8,"column":2},"end":{"line":8,"column":null}},"2":{"start":{"line":16,"column":26},"end":{"line":38,"column":null}},"3":{"start":{"line":18,"column":4},"end":{"line":18,"column":null}},"4":{"start":{"line":22,"column":4},"end":{"line":30,"column":null}},"5":{"start":{"line":33,"column":2},"end":{"line":36,"column":null}}},"fnMap":{"0":{"name":"handleClick","decl":{"start":{"line":6,"column":9},"end":{"line":6,"column":21}},"loc":{"start":{"line":6,"column":74},"end":{"line":9,"column":null}}},"1":{"name":"(anonymous_1)","decl":{"start":{"line":16,"column":26},"end":{"line":16,"column":27}},"loc":{"start":{"line":16,"column":77},"end":{"line":38,"column":null}}}},"branchMap":{"0":{"loc":{"start":{"line":18,"column":4},"end":{"line":18,"column":null}},"type":"cond-expr","locations":[{"start":{"line":18,"column":32},"end":{"line":18,"column":93}},{"start":{"line":18,"column":93},"end":{"line":18,"column":null}}]},"1":{"loc":{"start":{"line":22,"column":4},"end":{"line":30,"column":null}},"type":"cond-expr","locations":[{"start":{"line":23,"column":6},"end":{"line":28,"column":null}},{"start":{"line":30,"column":6},"end":{"line":30,"column":null}}]}},"s":{"0":0,"1":0,"2":1,"3":1,"4":1,"5":1},"f":{"0":0,"1":1},"b":{"0":[1,0],"1":[1,0]}}
,"/Users/ingridforre/Desktop/arkitema/arkitema-ui/packages/pages/src/404Page/404Page.tsx": {"path":"/Users/ingridforre/Desktop/arkitema/arkitema-ui/packages/pages/src/404Page/404Page.tsx","statementMap":{"0":{"start":{"line":7,"column":47},"end":{"line":30,"column":null}},"1":{"start":{"line":8,"column":19},"end":{"line":8,"column":null}},"2":{"start":{"line":9,"column":2},"end":{"line":28,"column":null}},"3":{"start":{"line":25,"column":63},"end":{"line":25,"column":86}},"4":{"start":{"line":26,"column":54},"end":{"line":26,"column":68}}},"fnMap":{"0":{"name":"(anonymous_0)","decl":{"start":{"line":7,"column":47},"end":{"line":7,"column":53}},"loc":{"start":{"line":7,"column":53},"end":{"line":30,"column":null}}},"1":{"name":"(anonymous_1)","decl":{"start":{"line":25,"column":57},"end":{"line":25,"column":63}},"loc":{"start":{"line":25,"column":63},"end":{"line":25,"column":86}}},"2":{"name":"(anonymous_2)","decl":{"start":{"line":26,"column":48},"end":{"line":26,"column":54}},"loc":{"start":{"line":26,"column":54},"end":{"line":26,"column":68}}}},"branchMap":{},"s":{"0":1,"1":1,"2":1,"3":0,"4":0},"f":{"0":1,"1":0,"2":0},"b":{}}
,"/Users/ingridforre/Desktop/arkitema/arkitema-ui/packages/pages/src/loginPage/loginPage.tsx": {"path":"/Users/ingridforre/Desktop/arkitema/arkitema-ui/packages/pages/src/loginPage/loginPage.tsx","statementMap":{"0":{"start":{"line":15,"column":47},"end":{"line":66,"column":null}},"1":{"start":{"line":16,"column":26},"end":{"line":16,"column":null}},"2":{"start":{"line":17,"column":2},"end":{"line":20,"column":null}},"3":{"start":{"line":22,"column":35},"end":{"line":22,"column":null}},"4":{"start":{"line":23,"column":28},"end":{"line":23,"column":null}},"5":{"start":{"line":24,"column":19},"end":{"line":24,"column":null}},"6":{"start":{"line":26,"column":22},"end":{"line":47,"column":null}},"7":{"start":{"line":27,"column":4},"end":{"line":46,"column":null}},"8":{"start":{"line":30,"column":8},"end":{"line":42,"column":null}},"9":{"start":{"line":31,"column":27},"end":{"line":31,"column":null}},"10":{"start":{"line":33,"column":10},"end":{"line":39,"column":null}},"11":{"start":{"line":35,"column":12},"end":{"line":38,"column":null}},"12":{"start":{"line":36,"column":14},"end":{"line":36,"column":null}},"13":{"start":{"line":37,"column":14},"end":{"line":37,"column":null}},"14":{"start":{"line":45,"column":8},"end":{"line":45,"column":null}},"15":{"start":{"line":49,"column":2},"end":{"line":64,"column":null}}},"fnMap":{"0":{"name":"(anonymous_0)","decl":{"start":{"line":15,"column":47},"end":{"line":15,"column":48}},"loc":{"start":{"line":15,"column":58},"end":{"line":66,"column":null}}},"1":{"name":"(anonymous_1)","decl":{"start":{"line":26,"column":34},"end":{"line":26,"column":40}},"loc":{"start":{"line":26,"column":40},"end":{"line":47,"column":5}}},"2":{"name":"(anonymous_2)","decl":{"start":{"line":29,"column":12},"end":{"line":29,"column":13}},"loc":{"start":{"line":29,"column":31},"end":{"line":43,"column":7}}},"3":{"name":"(anonymous_3)","decl":{"start":{"line":44,"column":13},"end":{"line":44,"column":14}},"loc":{"start":{"line":44,"column":22},"end":{"line":46,"column":7}}}},"branchMap":{"0":{"loc":{"start":{"line":30,"column":8},"end":{"line":42,"column":null}},"type":"if","locations":[{"start":{"line":30,"column":8},"end":{"line":42,"column":null}},{"start":{"line":40,"column":15},"end":{"line":42,"column":null}}]},"1":{"loc":{"start":{"line":33,"column":10},"end":{"line":39,"column":null}},"type":"if","locations":[{"start":{"line":33,"column":10},"end":{"line":39,"column":null}},{"start":{"line":33,"column":10},"end":{"line":39,"column":null}}]},"2":{"loc":{"start":{"line":35,"column":12},"end":{"line":38,"column":null}},"type":"if","locations":[{"start":{"line":35,"column":12},"end":{"line":38,"column":null}},{"start":{"line":35,"column":12},"end":{"line":38,"column":null}}]}},"s":{"0":1,"1":1,"2":1,"3":1,"4":1,"5":1,"6":1,"7":0,"8":0,"9":0,"10":0,"11":0,"12":0,"13":0,"14":0,"15":1},"f":{"0":1,"1":0,"2":0,"3":0},"b":{"0":[0,0],"1":[0,0],"2":[0,0]}}
,"/Users/ingridforre/Desktop/arkitema/arkitema-ui/packages/pages/src/mobileWarningPage/mobileWarningPage.tsx": {"path":"/Users/ingridforre/Desktop/arkitema/arkitema-ui/packages/pages/src/mobileWarningPage/mobileWarningPage.tsx","statementMap":{"0":{"start":{"line":7,"column":33},"end":{"line":44,"column":null}},"1":{"start":{"line":8,"column":2},"end":{"line":42,"column":null}}},"fnMap":{"0":{"name":"(anonymous_0)","decl":{"start":{"line":7,"column":33},"end":{"line":7,"column":39}},"loc":{"start":{"line":7,"column":39},"end":{"line":44,"column":null}}}},"branchMap":{},"s":{"0":1,"1":3},"f":{"0":3},"b":{}}
}
